Physical cores: 2
Logical cores:  4
Memory:         7.61GB
Extensions:     AVX

WARNING: MSA has not enough sites to infer reliable results
Creating new checkpoint file: all_sequences_mafft_aln.trimal.shorten.fasta.ckp
--------------------------------------------------------------------------------
ModelTest-NG v0.1.7

Input data:
  MSA:        all_sequences_mafft_aln.trimal.shorten.fasta
  Tree:       Maximum parsimony
    file:           -
  #taxa:            24
  #sites:           29748
  #patterns:        804
  Max. thread mem:  9 MB

Output:
  Log:           all_sequences_mafft_aln.trimal.shorten.fasta.log
  Starting tree: all_sequences_mafft_aln.trimal.shorten.fasta.tree
  Results:       all_sequences_mafft_aln.trimal.shorten.fasta.out

Selection options:
  # dna schemes:      11
  # dna models:       88
  include model parameters:
    Uniform:         true
    p-inv (+I):      true
    gamma (+G):      true
    both (+I+G):     true
    free rates (+R): false
    fixed freqs:     true
    estimated freqs: true
    #categories:     4
  gamma rates mode:   mean
  asc bias:           none
  epsilon (opt):      0.01
  epsilon (par):      0.05
  keep branches:      false

Additional options:
  verbosity:        very low
  threads:          1/2
  RNG seed:         12345
  subtree repeats:  enabled
--------------------------------------------------------------------------------
modeltest-ng was called as follows: 
>> modeltest-ng -i all_sequences_mafft_aln.trimal.shorten.fasta 


modeltest-ng: Warning: You are using one single thread out of 2 physical cores.
modeltest-ng:          You can set the number of threads with -p argument.
modeltest-ng: Try 'modeltest-ng --help' or 'modeltest-ng --usage' for more information

Partition 1/1

 ----ID---  ----MODEL---- ---Time--- -Elapsed--- -------LnL------- -Alpha- -P-inv-

Computation of likelihood scores completed. It took 0h:00:04

BIC       model              K            lnL          score          delta    weight
--------------------------------------------------------------------------------
       1  GTR+I              9    -43119.0861     86794.4000         0.0000    0.9351
       2  TIM2+I             7    -43132.5969     86800.8208         6.4207    0.0377
       3  GTR+I+G4          10    -43117.6699     86801.8682         7.4681    0.0223
       4  TIM1+I             7    -43134.7582     86805.1433        10.7433    0.0043
       5  TIM2+I+G4          8    -43131.9689     86809.8653        15.4653    0.0004
       6  TIM1+I+G4          8    -43134.0833     86814.0939        19.6939    0.0000
       7  GTR+G4             9    -43130.9003     86818.0285        23.6284    0.0000
       8  TIM2+G4            7    -43144.0991     86823.8251        29.4250    0.0000
       9  TIM3+I             7    -43146.3489     86828.3247        33.9247    0.0000
      10  TIM1+G4            7    -43146.3888     86828.4045        34.0045    0.0000
--------------------------------------------------------------------------------
Best model according to BIC
---------------------------
Model:              GTR+I
lnL:                -43119.0861
Frequencies:        0.2984 0.1822 0.1958 0.3236
Subst. Rates:       0.2070 0.9124 0.1460 0.1776 2.5842 1.0000 
Inv. sites prop:    0.9033
Gamma shape:        -
Score:              86794.4000
Weight:             0.9351
---------------------------
Parameter importances
---------------------------
P.Inv:              0.9772
Gamma:              0.0000
Gamma-Inv:          0.0228
Frequencies:        1.0000
---------------------------
Model averaged estimates
---------------------------
P.Inv:              0.9040
Alpha:              0.0215
Alpha-P.Inv:        0.4380
P.Inv-Alpha:        0.8208
Frequencies:        0.2984 0.1822 0.1958 0.3236 

Commands:
  > phyml  -i all_sequences_mafft_aln.trimal.shorten.fasta -m 012345 -f m -v e -a 0 -c 1 -o tlr
  > raxmlHPC-SSE3 -s all_sequences_mafft_aln.trimal.shorten.fasta -c 1 -m GTRCATIX -n EXEC_NAME -p PARSIMONY_SEED
  > raxml-ng --msa all_sequences_mafft_aln.trimal.shorten.fasta --model GTR+I
  > paup -s all_sequences_mafft_aln.trimal.shorten.fasta
  > iqtree -s all_sequences_mafft_aln.trimal.shorten.fasta -m GTR+I

AIC       model              K            lnL          score          delta    weight
--------------------------------------------------------------------------------
       1  GTR+I+G4          10    -43117.6699     86345.3397         0.0000    0.6026
       2  GTR+I              9    -43119.0861     86346.1721         0.8324    0.3974
       3  TIM2+I             7    -43132.5969     86369.1939        23.8541    0.0000
       4  GTR+G4             9    -43130.9003     86369.8005        24.4608    0.0000
       5  TIM2+I+G4          8    -43131.9689     86369.9379        24.5981    0.0000
       6  TIM1+I             7    -43134.7582     86373.5164        28.1767    0.0000
       7  TIM1+I+G4          8    -43134.0833     86374.1665        28.8268    0.0000
       8  TVM+I+G4           9    -43140.7794     86389.5587        44.2190    0.0000
       9  TVM+I              8    -43142.5750     86391.1501        45.8103    0.0000
      10  TIM2+G4            7    -43144.0991     86392.1982        46.8584    0.0000
--------------------------------------------------------------------------------
Best model according to AIC
---------------------------
Model:              GTR+I+G4
lnL:                -43117.6699
Frequencies:        0.2984 0.1823 0.1958 0.3235
Subst. Rates:       0.2047 0.9079 0.1473 0.1720 2.5883 1.0000 
Inv. sites prop:    0.8197
Gamma shape:        0.4231
Score:              86345.3397
Weight:             0.6026
---------------------------
Parameter importances
---------------------------
P.Inv:              0.3974
Gamma:              0.0000
Gamma-Inv:          0.6026
Frequencies:        1.0000
---------------------------
Model averaged estimates
---------------------------
P.Inv:              0.9033
Alpha:              0.0215
Alpha-P.Inv:        0.4231
P.Inv-Alpha:        0.8197
Frequencies:        0.2984 0.1823 0.1958 0.3235 

Commands:
  > phyml  -i all_sequences_mafft_aln.trimal.shorten.fasta -m 012345 -f m -v e -a e -c 4 -o tlr
  > raxmlHPC-SSE3 -s all_sequences_mafft_aln.trimal.shorten.fasta -m GTRGAMMAIX -n EXEC_NAME -p PARSIMONY_SEED
  > raxml-ng --msa all_sequences_mafft_aln.trimal.shorten.fasta --model GTR+I+G4
  > paup -s all_sequences_mafft_aln.trimal.shorten.fasta
  > iqtree -s all_sequences_mafft_aln.trimal.shorten.fasta -m GTR+I+G4

AICc      model              K            lnL          score          delta    weight
--------------------------------------------------------------------------------
       1  GTR+I+G4          10    -43117.6699     86345.3397         0.0000    0.6026
       2  GTR+I              9    -43119.0861     86346.1721         0.8324    0.3974
       3  TIM2+I             7    -43132.5969     86369.1939        23.8541    0.0000
       4  GTR+G4             9    -43130.9003     86369.8005        24.4608    0.0000
       5  TIM2+I+G4          8    -43131.9689     86369.9379        24.5981    0.0000
       6  TIM1+I             7    -43134.7582     86373.5164        28.1767    0.0000
       7  TIM1+I+G4          8    -43134.0833     86374.1665        28.8268    0.0000
       8  TVM+I+G4           9    -43140.7794     86389.5587        44.2190    0.0000
       9  TVM+I              8    -43142.5750     86391.1501        45.8103    0.0000
      10  TIM2+G4            7    -43144.0991     86392.1982        46.8584    0.0000
--------------------------------------------------------------------------------
Best model according to AICc
---------------------------
Model:              GTR+I+G4
lnL:                -43117.6699
Frequencies:        0.2984 0.1823 0.1958 0.3235
Subst. Rates:       0.2047 0.9079 0.1473 0.1720 2.5883 1.0000 
Inv. sites prop:    0.8197
Gamma shape:        0.4231
Score:              86345.3397
Weight:             0.6026
---------------------------
Parameter importances
---------------------------
P.Inv:              0.3974
Gamma:              0.0000
Gamma-Inv:          0.6026
Frequencies:        1.0000
---------------------------
Model averaged estimates
---------------------------
P.Inv:              0.9033
Alpha:              0.0215
Alpha-P.Inv:        0.4231
P.Inv-Alpha:        0.8197
Frequencies:        0.2984 0.1823 0.1958 0.3235 

Commands:
  > phyml  -i all_sequences_mafft_aln.trimal.shorten.fasta -m 012345 -f m -v e -a e -c 4 -o tlr
  > raxmlHPC-SSE3 -s all_sequences_mafft_aln.trimal.shorten.fasta -m GTRGAMMAIX -n EXEC_NAME -p PARSIMONY_SEED
  > raxml-ng --msa all_sequences_mafft_aln.trimal.shorten.fasta --model GTR+I+G4
  > paup -s all_sequences_mafft_aln.trimal.shorten.fasta
  > iqtree -s all_sequences_mafft_aln.trimal.shorten.fasta -m GTR+I+G4
Summary:

Partition 1/1:
                         Model         Score        Weight
----------------------------------------------------------
       BIC               GTR+I    86794.4000        0.9351
       AIC            GTR+I+G4    86345.3397        0.6026
      AICc            GTR+I+G4    86345.3397        0.6026

Execution results written to all_sequences_mafft_aln.trimal.shorten.fasta.out
Starting tree written to all_sequences_mafft_aln.trimal.shorten.fasta.tree
